


ARM Macro Assembler    Page 1 


    1 00000000                 AREA             ARMex, CODE, READONLY
    2 00000000                 ENTRY
    3 00000000         
    4 00000000         start
    5 00000000 E59FD070        LDR              SP, TEMPADDR1 ; //load address
    6 00000004 E3A0000A        MOV              R0,#10      ; R0=10
    7 00000008         LOOP
    8 00000008 E1A01000        MOV              R1, R0      ; R1=R1
    9 0000000C E8AD0002        STMEA            SP!,{R1}    ;push data r1
   10 00000010 E2400001        SUB              R0, R0, #1  ;r0=r0-1
   11 00000014 E3500001        CMP              R0, #1      ;compare r0 and 0
   12 00000018 0A000000        BEQ              Done        ;if equal move to D
                                                            one
   13 0000001C EAFFFFF9        B                LOOP        ;else loop(recursio
                                                            n)
   14 00000020         
   15 00000020         Done
   16 00000020 E59FD050        LDR              SP, TEMPADDR1 ;load address
   17 00000024 E8BD0001        LDMIA            SP!, {r0}   ;load data
   18 00000028 E1A01000        MOV              R1, R0      ;
   19 0000002C         
   20 0000002C E8BD0001        LDMIA            SP!, {r0}
   21 00000030 E0020091        MUL              R2, R1, R0  ;
   22 00000034         
   23 00000034 E8BD0001        LDMIA            SP!, {r0}
   24 00000038 E0030092        MUL              R3, R2, R0  ;
   25 0000003C         
   26 0000003C E8BD0001        LDMIA            SP!, {r0}
   27 00000040 E0040093        MUL              R4, R3, R0  ;
   28 00000044         
   29 00000044 E8BD0001        LDMIA            SP!, {r0}
   30 00000048 E0050094        MUL              R5, R4, R0  ;
   31 0000004C         
   32 0000004C E8BD0001        LDMIA            SP!, {r0}
   33 00000050 E0060095        MUL              R6, R5, R0  ;
   34 00000054         
   35 00000054 E8BD0001        LDMIA            SP!, {r0}
   36 00000058 E0070096        MUL              R7, R6, R0  ;
   37 0000005C         
   38 0000005C E8BD0001        LDMIA            SP!, {r0}
   39 00000060 E0080097        MUL              R8, R7, R0  ;
   40 00000064         
   41 00000064 E8BD0001        LDMIA            SP!, {r0}
   42 00000068 E0090098        MUL              R9, R8, R0  ;
   43 0000006C         
   44 0000006C         
   45 0000006C E59FB008        LDR              R11, TEMPADDR2 ;
   46 00000070 E58B9000        STR              R9, [R11]   ;
   47 00000074 E3A0F000        MOV              pc,#0       ;
   48 00000078         
   49 00000078 40000000 
                       TEMPADDR1
                               &                &40000000   ;
   50 0000007C 00040000 
                       TEMPADDR2
                               &                &40000
   51 00000080         
   52 00000080                 END
Command Line: --debug --xref --diag_suppress=9931 --cpu=ARM9E --apcs=interwork 



ARM Macro Assembler    Page 2 


--depend=.\objects\problem1.d -o.\objects\problem1.o -IC:\Keil_v5\ARM\RV31\INC 
-IC:\Keil_v5\ARM\CMSIS\Include --predefine="__EVAL SETA 1" --predefine="__UVISI
ON_VERSION SETA 529" --list=.\listings\problem1.lst Problem1.s



ARM Macro Assembler    Page 1 Alphabetic symbol ordering
Relocatable symbols

ARMex 00000000

Symbol: ARMex
   Definitions
      At line 1 in file Problem1.s
   Uses
      None
Comment: ARMex unused
Done 00000020

Symbol: Done
   Definitions
      At line 15 in file Problem1.s
   Uses
      At line 12 in file Problem1.s
Comment: Done used once
LOOP 00000008

Symbol: LOOP
   Definitions
      At line 7 in file Problem1.s
   Uses
      At line 13 in file Problem1.s
Comment: LOOP used once
TEMPADDR1 00000078

Symbol: TEMPADDR1
   Definitions
      At line 49 in file Problem1.s
   Uses
      At line 5 in file Problem1.s
      At line 16 in file Problem1.s

TEMPADDR2 0000007C

Symbol: TEMPADDR2
   Definitions
      At line 50 in file Problem1.s
   Uses
      At line 45 in file Problem1.s
Comment: TEMPADDR2 used once
start 00000000

Symbol: start
   Definitions
      At line 4 in file Problem1.s
   Uses
      None
Comment: start unused
6 symbols
338 symbols in table
