


ARM Macro Assembler    Page 1 


    1 00000000                 AREA             ARMex, CODE, READONLY
    2 00000000                 ENTRY
    3 00000000         start
    4 00000000         ;set random value
    5 00000000 E3A0000F        MOV              r0, #15
    6 00000004 E3A0100A        MOV              r1, #10
    7 00000008 E3A02001        MOV              r2, #1
    8 0000000C         ;set memory address and set initial value
    9 0000000C E59FC04C        LDR              r12,TEMPADDR1
   10 00000010 E3A03011        MOV              r3, #17
   11 00000014 E5CC3000        STRB             r3,[r12,#0]
   12 00000018         ;store r0~r2 register value to each byte
   13 00000018 E5CC0000        STRB             r0,[r12,#0]
   14 0000001C E5CC1001        STRB             r1,[r12,#1]
   15 00000020 E5CC2002        STRB             r2,[r12,#2]
   16 00000024         ;load from memory into register r4
   17 00000024 E4DC4001        LDRB             r4,[r12],#1
   18 00000028         ;compare r4 and decimal 10
   19 00000028 E354000A        CMP              r4,#10
   20 0000002C 03A05003        MOVEQ            R5, #3      ;if equal, r5=3
   21 00000030 B3A05002        MOVLT            R5, #2      ;if "<", r5=2
   22 00000034 C3A05001        MOVGT            R5, #1      ;if ">", r5=1
   23 00000038         ;load from memory into register r4
   24 00000038 E4DC4001        LDRB             r4,[r12],#1
   25 0000003C         ;compare r4 and decimal 10
   26 0000003C E354000A        CMP              r4,#10
   27 00000040 03A05003        MOVEQ            R5, #3      ;if equal, r5=3
   28 00000044 B3A05002        MOVLT            R5, #2      ;if "<", r5=2
   29 00000048 C3A05001        MOVGT            R5, #1      ;if ">", r5=1
   30 0000004C         ;load from memory into register r4
   31 0000004C E5DC4000        LDRB             r4,[r12]
   32 00000050         ;compare r4 and decimal 10
   33 00000050 E354000A        CMP              r4,#10
   34 00000054 03A05003        MOVEQ            R5, #3      ;if equal, r5=3
   35 00000058 B3A05002        MOVLT            R5, #2      ;if "<", r5=2
   36 0000005C C3A05001        MOVGT            R5, #1      ;if ">", r5=1
   37 00000060         ;set TEMPADDR1's address
   38 00000060 00001000 
                       TEMPADDR1
                               &                &00001000
   39 00000064         
   40 00000064                 END
Command Line: --debug --xref --diag_suppress=9931 --cpu=ARM9E --apcs=interwork 
--depend=.\objects\problem1.d -o.\objects\problem1.o -IC:\Keil_v5\ARM\RV31\INC 
-IC:\Keil_v5\ARM\CMSIS\Include --predefine="__EVAL SETA 1" --predefine="__UVISI
ON_VERSION SETA 529" --list=.\listings\problem1.lst Problem1.s



ARM Macro Assembler    Page 1 Alphabetic symbol ordering
Relocatable symbols

ARMex 00000000

Symbol: ARMex
   Definitions
      At line 1 in file Problem1.s
   Uses
      None
Comment: ARMex unused
TEMPADDR1 00000060

Symbol: TEMPADDR1
   Definitions
      At line 38 in file Problem1.s
   Uses
      At line 9 in file Problem1.s
Comment: TEMPADDR1 used once
start 00000000

Symbol: start
   Definitions
      At line 3 in file Problem1.s
   Uses
      None
Comment: start unused
3 symbols
335 symbols in table
