


ARM Macro Assembler    Page 1 


    1 00000000                 AREA             ARMex, CODE, READONLY
    2 00000000                 ENTRY
    3 00000000         
    4 00000000         MAIN
    5 00000000         
    6 00000000 E59F0050        LDR              R0, TEMPADDR1
    7 00000004 E3A01001        MOV              R1, #1
    8 00000008 E1A02111        LSL              R2, R1, R1  ;2
    9 0000000C E1A03212        LSL              R3, R2, R2  ;8
   10 00000010         
   11 00000010 E0814002        ADD              R4, R1, R2  ;3
   12 00000014 E0835004        ADD              R5, R3, R4  ;11
   13 00000018         
   14 00000018 E3A06001        MOV              R6, #1
   15 0000001C         
   16 0000001C         Loop
   17 0000001C E0877005        ADD              R7, R7, R5
   18 00000020 E0855002        ADD              R5, R5, R2
   19 00000024         
   20 00000024 E0877005        ADD              R7, R7, R5
   21 00000028 E0855002        ADD              R5, R5, R2
   22 0000002C         
   23 0000002C E0877005        ADD              R7, R7, R5
   24 00000030 E0855002        ADD              R5, R5, R2
   25 00000034         
   26 00000034 E0877005        ADD              R7, R7, R5
   27 00000038 E0855002        ADD              R5, R5, R2
   28 0000003C         
   29 0000003C E0877005        ADD              R7, R7, R5
   30 00000040 E0855002        ADD              R5, R5, R2
   31 00000044         
   32 00000044 E1560002        CMP              R6, R2
   33 00000048 0A000001        BEQ              Finish
   34 0000004C E0866001        ADD              R6, R6, R1
   35 00000050 EAFFFFF1        B                Loop
   36 00000054         
   37 00000054         Finish
   38 00000054 E5807000        STR              R7, [R0]
   39 00000058         
   40 00000058 00004000 
                       TEMPADDR1
                               &                &00004000
   41 0000005C                 END
Command Line: --debug --xref --diag_suppress=9931 --cpu=ARM9E --apcs=interwork 
--depend=.\objects\problem3_3.d -o.\objects\problem3_3.o -IC:\Keil_v5\ARM\RV31\
INC -IC:\Keil_v5\ARM\CMSIS\Include --predefine="__EVAL SETA 1" --predefine="__U
VISION_VERSION SETA 529" --list=.\listings\problem3_3.lst Problem3_3.s



ARM Macro Assembler    Page 1 Alphabetic symbol ordering
Relocatable symbols

ARMex 00000000

Symbol: ARMex
   Definitions
      At line 1 in file Problem3_3.s
   Uses
      None
Comment: ARMex unused
Finish 00000054

Symbol: Finish
   Definitions
      At line 37 in file Problem3_3.s
   Uses
      At line 33 in file Problem3_3.s
Comment: Finish used once
Loop 0000001C

Symbol: Loop
   Definitions
      At line 16 in file Problem3_3.s
   Uses
      At line 35 in file Problem3_3.s
Comment: Loop used once
MAIN 00000000

Symbol: MAIN
   Definitions
      At line 4 in file Problem3_3.s
   Uses
      None
Comment: MAIN unused
TEMPADDR1 00000058

Symbol: TEMPADDR1
   Definitions
      At line 40 in file Problem3_3.s
   Uses
      At line 6 in file Problem3_3.s
Comment: TEMPADDR1 used once
5 symbols
337 symbols in table
