


ARM Macro Assembler    Page 1 


    1 00000000                 AREA             ARMex, CODE, READONLY
    2 00000000                 ENTRY
    3 00000000         
    4 00000000         MAIN
    5 00000000 E59FC054        ldr              r12, TEMPADDR1 ;
    6 00000004         
    7 00000004 E3A00001        mov              r0, #1      ; r0=1
    8 00000008         
    9 00000008 E0811080        add              r1,r0,lsl #1 ; r1=1*2=2
   10 0000000C         
   11 0000000C E0812081        add              r2,r1,r1,lsl #1 ; r2=r1+r1*2=2+
                                                            2*2=6
   12 00000010         
   13 00000010 E0833102        add              r3,r2,lsl #2 ;  r3 = r2*4 = 6*4
                                                             =24
   14 00000014         
   15 00000014 E0834103        add              r4,r3,r3, lsl #2 ; r4 = r3+r3*4
                                                            =24+24*4 = 120
   16 00000018         
   17 00000018 E0855084        add              r5,r4,lsl #1 ; r5 = r4*2=240
   18 0000001C E0855085        add              r5,r5,r5,lsl #1 ; r5 = 240+240*
                                                            2=720
   19 00000020         
   20 00000020 E0656185        rsb              r6,r5,r5,lsl #3 ; r6 = 720*8-72
                                                            0=5040
   21 00000024         
   22 00000024 E1A07186        mov              r7, r6,lsl #3 ; r7 = r6*8=5040 
                                                            * 8 = 40320
   23 00000028         
   24 00000028 E0878187        add              r8,r7,r7,lsl #3 ; r8 = r7+ r7*8
                                                             = 40320+40320*8=36
                                                            2880
   25 0000002C         
   26 0000002C E0899088        add              r9,r8,lsl #1 ; r9 = r8 * 2 = 72
                                                            5760
   27 00000030 E0899109        add              R9,r9,r9,lsl #2 ; r9 = r9+r9*4 
                                                            = 3628800
   28 00000034         
   29 00000034 E48C0004        str              r0, [r12], #4 ;store r0 to r12 
                                                            memory 0x40000
   30 00000038 E48C1004        str              r1, [r12], #4 ;store r1 to r12 
                                                            memory 0x40004
   31 0000003C E48C2004        str              r2, [r12], #4 ;store r2 to r12 
                                                            memory 0x40008
   32 00000040 E48C3004        str              r3, [r12], #4 ;store r3 to r12 
                                                            memory 0x4000C
   33 00000044 E48C4004        str              r4, [r12], #4 ;store r4 to r12 
                                                            memory 0x40010
   34 00000048 E48C5004        str              r5, [r12], #4 ;store r5 to r12 
                                                            memory 0x40014
   35 0000004C E48C6004        str              r6, [r12], #4 ;store r6 to r12 
                                                            memory 0x40018
   36 00000050 E48C7004        str              r7, [r12], #4 ;store r7 to r12 
                                                            memory 0x4001C
   37 00000054 E48C8004        str              r8, [r12], #4 ;store r8 to r12 
                                                            memory 0x40020
   38 00000058 E48C9004        str              r9, [r12], #4 ;store r9 to r12 
                                                            memory 0x40024
   39 0000005C         



ARM Macro Assembler    Page 2 


   40 0000005C         
   41 0000005C 00040000 
                       TEMPADDR1
                               &                &40000
   42 00000060                 END
Command Line: --debug --xref --diag_suppress=9931 --cpu=ARM9E --apcs=interwork 
--depend=.\objects\problem1.d -o.\objects\problem1.o -IC:\Keil_v5\ARM\RV31\INC 
-IC:\Keil_v5\ARM\CMSIS\Include --predefine="__EVAL SETA 1" --predefine="__UVISI
ON_VERSION SETA 529" --list=.\listings\problem1.lst Problem1.s



ARM Macro Assembler    Page 1 Alphabetic symbol ordering
Relocatable symbols

ARMex 00000000

Symbol: ARMex
   Definitions
      At line 1 in file Problem1.s
   Uses
      None
Comment: ARMex unused
MAIN 00000000

Symbol: MAIN
   Definitions
      At line 4 in file Problem1.s
   Uses
      None
Comment: MAIN unused
TEMPADDR1 0000005C

Symbol: TEMPADDR1
   Definitions
      At line 41 in file Problem1.s
   Uses
      At line 5 in file Problem1.s
Comment: TEMPADDR1 used once
3 symbols
335 symbols in table
