


ARM Macro Assembler    Page 1 


    1 00000000                 AREA             ARMex, CODE, READONLY
    2 00000000                 ENTRY
    3 00000000         
    4 00000000         MAIN
    5 00000000 E59FC074        ldr              r12, TEMPADDR1
    6 00000004         
    7 00000004 E3A00001        mov              r0,#1       ;
    8 00000008 E3A0A001        mov              r10, #1     ;
    9 0000000C         
   10 0000000C E28AA001        add              r10, r10,#1 ; 2
   11 00000010 E0010A90        mul              r1, r0, r10 ; 1*2 =2
   12 00000014         
   13 00000014 E28AA001        add              r10, r10,#1 ; 3
   14 00000018 E0020A91        mul              r2, r1, r10 ; 2*3=6
   15 0000001C         
   16 0000001C E28AA001        add              r10, r10,#1 ; 4
   17 00000020 E0030A92        mul              r3, r2, r10 ; 6*4=24
   18 00000024         
   19 00000024 E28AA001        add              r10, r10,#1 ; 5
   20 00000028 E0040A93        mul              r4, r3, r10 ; 24*5 =120
   21 0000002C         
   22 0000002C E28AA001        add              r10, r10,#1 ; 6
   23 00000030 E0050A94        mul              r5, r4, r10 ; 120*6=720
   24 00000034         
   25 00000034 E28AA001        add              r10, r10,#1 ; 7
   26 00000038 E0060A95        mul              r6, r5, r10 ; 720*7=5040
   27 0000003C         
   28 0000003C E28AA001        add              r10, r10,#1 ; 8
   29 00000040 E0070A96        mul              r7, r6, r10 ; 5040*8=40320
   30 00000044         
   31 00000044 E28AA001        add              r10, r10,#1 ; 9
   32 00000048 E0080A97        mul              r8, r7, r10 ; 40320*9=362880
   33 0000004C         
   34 0000004C E28AA001        add              r10, r10,#1 ; 10
   35 00000050 E0090A98        mul              r9, r8, r10 ; 362880 * 10 = 362
                                                            8800
   36 00000054         
   37 00000054         
   38 00000054 E48C0004        str              r0, [r12], #4 ;store r0 to r12 
                                                            memory 0x40000
   39 00000058 E48C1004        str              r1, [r12], #4 ;store r1 to r12 
                                                            memory 0x40004
   40 0000005C E48C2004        str              r2, [r12], #4 ;store r2 to r12 
                                                            memory 0x40008
   41 00000060 E48C3004        str              r3, [r12], #4 ;store r3 to r12 
                                                            memory 0x4000C
   42 00000064 E48C4004        str              r4, [r12], #4 ;store r4 to r12 
                                                            memory 0x40010
   43 00000068 E48C5004        str              r5, [r12], #4 ;store r5 to r12 
                                                            memory 0x40014
   44 0000006C E48C6004        str              r6, [r12], #4 ;store r6 to r12 
                                                            memory 0x40018
   45 00000070 E48C7004        str              r7, [r12], #4 ;store r7 to r12 
                                                            memory 0x4001C
   46 00000074 E48C8004        str              r8, [r12], #4 ;store r8 to r12 
                                                            memory 0x40020
   47 00000078 E48C9004        str              r9, [r12], #4 ;store r9 to r12 
                                                            memory 0x40024
   48 0000007C         



ARM Macro Assembler    Page 2 


   49 0000007C 00040000 
                       TEMPADDR1
                               &                &40000
   50 00000080                 END
Command Line: --debug --xref --diag_suppress=9931 --cpu=ARM9E --apcs=interwork 
--depend=.\objects\problem2.d -o.\objects\problem2.o -IC:\Keil_v5\ARM\RV31\INC 
-IC:\Keil_v5\ARM\CMSIS\Include --predefine="__EVAL SETA 1" --predefine="__UVISI
ON_VERSION SETA 529" --list=.\listings\problem2.lst Problem2.s



ARM Macro Assembler    Page 1 Alphabetic symbol ordering
Relocatable symbols

ARMex 00000000

Symbol: ARMex
   Definitions
      At line 1 in file Problem2.s
   Uses
      None
Comment: ARMex unused
MAIN 00000000

Symbol: MAIN
   Definitions
      At line 4 in file Problem2.s
   Uses
      None
Comment: MAIN unused
TEMPADDR1 0000007C

Symbol: TEMPADDR1
   Definitions
      At line 49 in file Problem2.s
   Uses
      At line 5 in file Problem2.s
Comment: TEMPADDR1 used once
3 symbols
335 symbols in table
