


ARM Macro Assembler    Page 1 


    1 00000000                 AREA             ARMex, CODE, READONLY
    2 00000000                 ENTRY
    3 00000000         MAIN
    4 00000000 E59F004C        LDR              R0, =str1
    5 00000004 E59F104C        LDR              R1, =str2
    6 00000008 E59FC034        LDR              R12, TEMPADDR1
    7 0000000C         
    8 0000000C E3A0B00B        MOV              R11,#11
    9 00000010         
   10 00000010         Loop
   11 00000010 E4D02001        LDRB             R2, [r0], #1
   12 00000014 E4D13001        LDRB             R3, [r1], #1
   13 00000018         
   14 00000018 E1520003        CMP              R2, R3
   15 0000001C 13A0B00B        MOVNE            R11, #11
   16 00000020 1A000006        BNE              Finish
   17 00000024         
   18 00000024 E3520000        CMP              R2, #0
   19 00000028 0A000004        BEQ              Finish
   20 0000002C E3530000        CMP              R3, #0
   21 00000030 0A000002        BEQ              Finish
   22 00000034         
   23 00000034 E1520003        CMP              R2, R3
   24 00000038 03A0B00A        MOVEQ            R11 , #10
   25 0000003C         
   26 0000003C EAFFFFF3        B                Loop
   27 00000040         
   28 00000040         Finish
   29 00000040 E5CCB000        STRB             R11, [R12]
   30 00000044         
   31 00000044 00004000 
                       TEMPADDR1
                               &                &00004000
   32 00000048 68 65 6C 
              6C 6F 00 str1    DCB              "hello",0
   33 0000004E 61 6A 61 
              6A 61 00 str2    DCB              "ajaja",0
   34 00000054         
   35 00000054                 END
              00000000 
              00000000 
Command Line: --debug --xref --diag_suppress=9931 --cpu=ARM9E --apcs=interwork 
--depend=.\objects\problem1.d -o.\objects\problem1.o -IC:\Keil_v5\ARM\RV31\INC 
-IC:\Keil_v5\ARM\CMSIS\Include --predefine="__EVAL SETA 1" --predefine="__UVISI
ON_VERSION SETA 529" --list=.\listings\problem1.lst Problem1.s



ARM Macro Assembler    Page 1 Alphabetic symbol ordering
Relocatable symbols

ARMex 00000000

Symbol: ARMex
   Definitions
      At line 1 in file Problem1.s
   Uses
      None
Comment: ARMex unused
Finish 00000040

Symbol: Finish
   Definitions
      At line 28 in file Problem1.s
   Uses
      At line 16 in file Problem1.s
      At line 19 in file Problem1.s
      At line 21 in file Problem1.s

Loop 00000010

Symbol: Loop
   Definitions
      At line 10 in file Problem1.s
   Uses
      At line 26 in file Problem1.s
Comment: Loop used once
MAIN 00000000

Symbol: MAIN
   Definitions
      At line 3 in file Problem1.s
   Uses
      None
Comment: MAIN unused
TEMPADDR1 00000044

Symbol: TEMPADDR1
   Definitions
      At line 31 in file Problem1.s
   Uses
      At line 6 in file Problem1.s
Comment: TEMPADDR1 used once
str1 00000048

Symbol: str1
   Definitions
      At line 32 in file Problem1.s
   Uses
      At line 4 in file Problem1.s
Comment: str1 used once
str2 0000004E

Symbol: str2
   Definitions
      At line 33 in file Problem1.s
   Uses
      At line 5 in file Problem1.s
Comment: str2 used once
7 symbols



ARM Macro Assembler    Page 2 Alphabetic symbol ordering
Relocatable symbols

341 symbols in table
