


ARM Macro Assembler    Page 1 


    1 00000000                 AREA             ARMex,CODE,READONLY
    2 00000000                 ENTRY
    3 00000000         
    4 00000000         start
    5 00000000 E3A00001        MOV              R0, #1      ; R0=1
    6 00000004 E3A01002        MOV              R1, #2      ; R1=2
    7 00000008 E3A02003        MOV              R2, #3      ; R2=3
    8 0000000C E3A03004        MOV              R3, #4      ; R3=4
    9 00000010 E3A04005        MOV              R4, #5      ; R4=5
   10 00000014 E3A05006        MOV              R5, #6      ; R5=6
   11 00000018 E3A06007        MOV              R6, #7      ; R6=7
   12 0000001C E3A07008        MOV              R7, #8      ; R7=8
   13 00000020         
   14 00000020 E59FD01C        LDR              SP, TEMPADDR1 ; LOAD SP from TE
                                                            MPADDR1
   15 00000024         
   16 00000024 E8AD0004        STMEA            SP!,{R2}    ; Push R2
   17 00000028 E8AD0001        STMEA            SP!,{R0}    ; Push R0
   18 0000002C E8AD0008        STMEA            SP!,{R3}    ; Push R3
   19 00000030 E8AD00E0        STMEA            SP!,{R5-R7} ; Push R5~R7
   20 00000034 E8AD0002        STMEA            SP!, {R1}   ; Push R1
   21 00000038 E8AD0010        STMEA            SP!, {R4}   ; Push R4
   22 0000003C         
   23 0000003C E59FD000        LDR              SP, TEMPADDR1 ; LOAD SP from TE
                                                            MPADDR1
   24 00000040 E89D00FF        LDMIA            SP, {r0-r7} ; POP R0~R7 to memo
                                                            ry address TEMPADDR
                                                            1 
   25 00000044         
   26 00000044 00040000 
                       TEMPADDR1
                               &                &00040000
   27 00000048                 END
Command Line: --debug --xref --diag_suppress=9931 --cpu=ARM9E --apcs=interwork 
--depend=.\objects\problem2.d -o.\objects\problem2.o -IC:\Keil_v5\ARM\RV31\INC 
-IC:\Keil_v5\ARM\CMSIS\Include --predefine="__EVAL SETA 1" --predefine="__UVISI
ON_VERSION SETA 529" --list=.\listings\problem2.lst Problem2.s



ARM Macro Assembler    Page 1 Alphabetic symbol ordering
Relocatable symbols

ARMex 00000000

Symbol: ARMex
   Definitions
      At line 1 in file Problem2.s
   Uses
      None
Comment: ARMex unused
TEMPADDR1 00000044

Symbol: TEMPADDR1
   Definitions
      At line 26 in file Problem2.s
   Uses
      At line 14 in file Problem2.s
      At line 23 in file Problem2.s

start 00000000

Symbol: start
   Definitions
      At line 4 in file Problem2.s
   Uses
      None
Comment: start unused
3 symbols
335 symbols in table
