


ARM Macro Assembler    Page 1 


    1 00000000                 AREA             ARMex, CODE, READONLY
    2 00000000                 ENTRY
    3 00000000         start
    4 00000000         ;Set Register value
    5 00000000 E3A00001        MOV              r0,#1
    6 00000004 E3A01002        MOV              r1,#2
    7 00000008 E3A02003        MOV              r2,#3
    8 0000000C E3A03004        MOV              r3,#4
    9 00000010         ;Load Memory address
   10 00000010 E59FC024        LDR              r12, TEMPADDR1
   11 00000014         ;store register values for memory sequence by little-end
                       ian
   12 00000014 E5CC0000        STRB             r0, [r12, #0]
   13 00000018 E5CC1001        STRB             r1, [r12, #1]
   14 0000001C E5CC2002        STRB             r2, [r12, #2]
   15 00000020 E5CC3003        STRB             r3, [r12, #3]
   16 00000024         ;load from memory to register r5
   17 00000024 E59C5000        LDR              r5, [r12]
   18 00000028         ;store register values for memory sequence by little-end
                       ian
   19 00000028 E5CC0003        STRB             r0, [r12,#3]
   20 0000002C E5CC1002        STRB             r1, [r12,#2]
   21 00000030 E5CC2001        STRB             r2, [r12,#1]
   22 00000034 E5CC3000        STRB             r3, [r12,#0]
   23 00000038         ;load from memory to register r6
   24 00000038 E59C6000        LDR              r6, [r12]
   25 0000003C         
   26 0000003C         ;set memory address
   27 0000003C 40000000 
                       TEMPADDR1
                               &                &40000000
   28 00000040         ;MOV pc,lr
   29 00000040                 END
Command Line: --debug --xref --diag_suppress=9931 --cpu=ARM9E --apcs=interwork 
--depend=.\objects\problem2.d -o.\objects\problem2.o -IC:\Keil_v5\ARM\RV31\INC 
-IC:\Keil_v5\ARM\CMSIS\Include --predefine="__EVAL SETA 1" --predefine="__UVISI
ON_VERSION SETA 529" --list=.\listings\problem2.lst Problem2.s



ARM Macro Assembler    Page 1 Alphabetic symbol ordering
Relocatable symbols

ARMex 00000000

Symbol: ARMex
   Definitions
      At line 1 in file Problem2.s
   Uses
      None
Comment: ARMex unused
TEMPADDR1 0000003C

Symbol: TEMPADDR1
   Definitions
      At line 27 in file Problem2.s
   Uses
      At line 10 in file Problem2.s
Comment: TEMPADDR1 used once
start 00000000

Symbol: start
   Definitions
      At line 3 in file Problem2.s
   Uses
      None
Comment: start unused
3 symbols
335 symbols in table
